<?xml version="1.0" encoding="UTF-8"?>
<!-- Generated by org.testng.reporters.JUnitReportReporter -->
<testsuite hostname="DESKTOP-BN58AHQ" failures="0" tests="1" name="dataDriven.excelDataProvider.excel" time="1.648" errors="0" timestamp="2025-10-03T23:55:44 GMT+06:00" skipped="0">
  <testcase classname="dataDriven.excelDataProvider.excel" name="getExcel" time="1.648"/>
</testsuite> <!-- dataDriven.excelDataProvider.excel -->
